Build started 11/14/2020 2:16:07 PM.
     1>Project "D:\sahil\dev\WindowDetective\src\Window Detective.vcxproj" on node 2 (Build target(s)).
     1>C:\Program Files (x86)\MSBuild\Microsoft.Cpp\v4.0\V110\Microsoft.CppBuild.targets(345,5): warning MSB8004: Intermediate Directory does not end with a trailing slash.  This build instance will add the slash as it is required to allow proper evaluation of the Intermediate Directory.
     1>C:\Program Files (x86)\MSBuild\Microsoft.Cpp\v4.0\V110\Microsoft.CppBuild.targets(346,5): warning MSB8004: Output Directory does not end with a trailing slash.  This build instance will add the slash as it is required to allow proper evaluation of the Output Directory.
     1>ClCompile:
         D:\Program Files (x86)\Microsoft Visual Studio 11.0\VC\bin\x86_amd64\CL.exe /c /ID:\sahil\dev\WindowDetective\src\ /I"D:\Qt\qtx64_vs2012\mkspecs\win32-msvc2010" /ID:\Qt\qtx64_vs2012\include /ID:\Qt\qtx64_vs2012\include\QtCore /ID:\Qt\qtx64_vs2012\include\QtGui /ID:\Qt\qtx64_vs2012\include\QtWidgets /ID:\Qt\qtx64_vs2012\include\QtXml /I.\ui\forms /IRelease\moc /IRelease\rcc /nologo /W3 /WX- /O1 /D QT_NO_DEBUG /D NDEBUG /D _WINDOWS /D UNICODE /D WIN32 /D QT_LARGEFILE_SUPPORT /D QT_DLL /D QT_NO_DEBUG /D QT_GUI_LIB /D QT_CORE_LIB /D QT_THREAD_SUPPORT /D NDEBUG /D QT_WIDGETS_LIB /D QT_XML_LIB /Gm- /EHsc /MD /GS- /fp:precise /Zc:wchar_t- /Zc:forScope /GR /Fo"D:\sahil\dev\WindowDetective\src\\Release\x64\\" /Fd"D:\sahil\dev\WindowDetective\src\\Release\x64\vc110.pdb" /Gd /TP /errorReport:prompt -Zm200 -w34100 -w34189 -w34100 -w34189 Release\moc\moc_RemoteServer.cpp Release\moc\moc_ServerThread.cpp
         moc_RemoteServer.cpp
         moc_ServerThread.cpp
         Generating Code...
       Link:
         D:\Program Files (x86)\Microsoft Visual Studio 11.0\VC\bin\x86_amd64\link.exe /ERRORREPORT:PROMPT /OUT:"D:\sahil\dev\WindowDetective\src\\x64\Release\Window Detective_x64_Release.exe" /NOLOGO /LIBPATH:D:\Qt\qtx64_vs2012\lib Psapi.lib qtmain.lib Qt5Core.lib Qt5Gui.lib Qt5Widgets.lib Qt5Xml.lib Qt5Network.lib kernel32.lib user32.lib gdi32.lib winspool.lib comdlg32.lib advapi32.lib shell32.lib ole32.lib oleaut32.lib uuid.lib odbc32.lib odbccp32.lib /MANIFEST /MANIFESTUAC:"level='asInvoker' uiAccess='false'" /manifest:embed /PDB:"D:\sahil\dev\WindowDetective\src\Release\Window Detective_x64_Release.pdb" /SUBSYSTEM:WINDOWS /TLBID:1 /DYNAMICBASE /NXCOMPAT /MACHINE:X64 "/MANIFESTDEPENDENCY:type='win32' name='Microsoft.Windows.Common-Controls' version='6.0.0.0' publicKeyToken='6595b64144ccf1df' language='*' processorArchitecture='*'" "/MANIFESTDEPENDENCY:type='win32' name='Microsoft.Windows.Common-Controls' version='6.0.0.0' publicKeyToken='6595b64144ccf1df' language='*' processorArchitecture='*'" D:\sahil\dev\WindowDetective\src\\Release\x64\win_resources.res
         D:\sahil\dev\WindowDetective\src\\Release\x64\moc_AboutDialog.obj
         D:\sahil\dev\WindowDetective\src\\Release\x64\moc_AbstractPropertyPage.obj
         D:\sahil\dev\WindowDetective\src\\Release\x64\moc_BalloonTip.obj
         D:\sahil\dev\WindowDetective\src\\Release\x64\moc_BrushPropertyWidget.obj
         D:\sahil\dev\WindowDetective\src\\Release\x64\moc_ColourButton.obj
         D:\sahil\dev\WindowDetective\src\\Release\x64\moc_ComboBoxPropertyPage.obj
         D:\sahil\dev\WindowDetective\src\\Release\x64\moc_DateTimePickerPropertyPage.obj
         D:\sahil\dev\WindowDetective\src\\Release\x64\moc_EditPropertyPage.obj
         D:\sahil\dev\WindowDetective\src\\Release\x64\moc_RemoteConnectionDialog.obj
         D:\sahil\dev\WindowDetective\src\\Release\x64\moc_FindDialog.obj
         D:\sahil\dev\WindowDetective\src\\Release\x64\moc_FontPropertyWidget.obj
         D:\sahil\dev\WindowDetective\src\\Release\x64\moc_GenericPropertyPage.obj
         D:\sahil\dev\WindowDetective\src\\Release\x64\moc_HexSpinBox.obj
         D:\sahil\dev\WindowDetective\src\\Release\x64\moc_HighlightPane.obj
         D:\sahil\dev\WindowDetective\src\\Release\x64\moc_InfoPane.obj
         D:\sahil\dev\WindowDetective\src\\Release\x64\moc_ListBoxPropertyPage.obj
         D:\sahil\dev\WindowDetective\src\\Release\x64\moc_ListViewPropertyPage.obj
         D:\sahil\dev\WindowDetective\src\\Release\x64\moc_MainWindow.obj
         D:\sahil\dev\WindowDetective\src\\Release\x64\moc_MessageFilterDialog.obj
         D:\sahil\dev\WindowDetective\src\\Release\x64\moc_MessageFiltering.obj
         D:\sahil\dev\WindowDetective\src\\Release\x64\moc_MessagesPane.obj
         D:\sahil\dev\WindowDetective\src\\Release\x64\moc_MessageWidget.obj
         D:\sahil\dev\WindowDetective\src\\Release\x64\moc_PreferencesDialog.obj
         D:\sahil\dev\WindowDetective\src\\Release\x64\moc_ProgressBarPropertyPage.obj
         D:\sahil\dev\WindowDetective\src\\Release\x64\moc_PropertiesPane.obj
         D:\sahil\dev\WindowDetective\src\\Release\x64\moc_RemoteServer.obj
         D:\sahil\dev\WindowDetective\src\\Release\x64\moc_ResizableDockContainer.obj
         D:\sahil\dev\WindowDetective\src\\Release\x64\moc_ScrollPropertyWidget.obj
         D:\sahil\dev\WindowDetective\src\\Release\x64\moc_SearchCriteriaWidget.obj
         D:\sahil\dev\WindowDetective\src\\Release\x64\moc_SearchInputPane.obj
         D:\sahil\dev\WindowDetective\src\\Release\x64\moc_SearchResultsDialog.obj
         D:\sahil\dev\WindowDetective\src\\Release\x64\moc_ServerThread.obj
         D:\sahil\dev\WindowDetective\src\\Release\x64\moc_SetPropertiesDialog.obj
         D:\sahil\dev\WindowDetective\src\\Release\x64\moc_SizeInputWidget.obj
         D:\sahil\dev\WindowDetective\src\\Release\x64\moc_StatusBarPropertyPage.obj
         D:\sahil\dev\WindowDetective\src\\Release\x64\moc_SystemColoursPane.obj
         D:\sahil\dev\WindowDetective\src\\Release\x64\moc_SystemInfoDialog.obj
         D:\sahil\dev\WindowDetective\src\\Release\x64\moc_SystemMetricsPane.obj
         D:\sahil\dev\WindowDetective\src\\Release\x64\moc_SystemParametersPane.obj
         D:\sahil\dev\WindowDetective\src\\Release\x64\moc_TabPropertyPage.obj
         D:\sahil\dev\WindowDetective\src\\Release\x64\moc_TreeItem.obj
         D:\sahil\dev\WindowDetective\src\\Release\x64\moc_Window.obj
         D:\sahil\dev\WindowDetective\src\\Release\x64\moc_WindowClassPropertyPage.obj
         D:\sahil\dev\WindowDetective\src\\Release\x64\moc_WindowManager.obj
         D:\sahil\dev\WindowDetective\src\\Release\x64\moc_WindowPicker.obj
         D:\sahil\dev\WindowDetective\src\\Release\x64\moc_WindowPropWidget.obj
         D:\sahil\dev\WindowDetective\src\\Release\x64\moc_WindowTree.obj
         D:\sahil\dev\WindowDetective\src\\Release\x64\qrc_qt_resources.obj
         D:\sahil\dev\WindowDetective\src\\Release\x64\RemoteServer.obj
         D:\sahil\dev\WindowDetective\src\\Release\x64\ServerThread.obj
         D:\sahil\dev\WindowDetective\src\\Release\x64\SizeInputWidget.obj
         D:\sahil\dev\WindowDetective\src\\Release\x64\RemoteConnectionDialog.obj
         D:\sahil\dev\WindowDetective\src\\Release\x64\SystemColoursPane.obj
         D:\sahil\dev\WindowDetective\src\\Release\x64\SystemParametersPane.obj
         D:\sahil\dev\WindowDetective\src\\Release\x64\SystemMetricsPane.obj
         D:\sahil\dev\WindowDetective\src\\Release\x64\IniFile.obj
         D:\sahil\dev\WindowDetective\src\\Release\x64\Logger.obj
         D:\sahil\dev\WindowDetective\src\\Release\x64\main.obj
         D:\sahil\dev\WindowDetective\src\\Release\x64\QtHelpers.obj
         D:\sahil\dev\WindowDetective\src\\Release\x64\Resources.obj
         D:\sahil\dev\WindowDetective\src\\Release\x64\Settings.obj
         D:\sahil\dev\WindowDetective\src\\Release\x64\StringFormatter.obj
         D:\sahil\dev\WindowDetective\src\\Release\x64\AboutDialog.obj
         D:\sahil\dev\WindowDetective\src\\Release\x64\ActionManager.obj
         D:\sahil\dev\WindowDetective\src\\Release\x64\FindDialog.obj
         D:\sahil\dev\WindowDetective\src\\Release\x64\HighlightPane.obj
         D:\sahil\dev\WindowDetective\src\\Release\x64\InfoPane.obj
         D:\sahil\dev\WindowDetective\src\\Release\x64\MainWindow.obj
         D:\sahil\dev\WindowDetective\src\\Release\x64\MessageFilterDialog.obj
         D:\sahil\dev\WindowDetective\src\\Release\x64\MessageFiltering.obj
         D:\sahil\dev\WindowDetective\src\\Release\x64\MessagesPane.obj
         D:\sahil\dev\WindowDetective\src\\Release\x64\PreferencesDialog.obj
         D:\sahil\dev\WindowDetective\src\\Release\x64\SearchResultsDialog.obj
         D:\sahil\dev\WindowDetective\src\\Release\x64\SetPropertiesDialog.obj
         D:\sahil\dev\WindowDetective\src\\Release\x64\SystemInfoDialog.obj
         D:\sahil\dev\WindowDetective\src\\Release\x64\BalloonTip.obj
         D:\sahil\dev\WindowDetective\src\\Release\x64\BrushPropertyWidget.obj
         D:\sahil\dev\WindowDetective\src\\Release\x64\ColourButton.obj
         D:\sahil\dev\WindowDetective\src\\Release\x64\FontPropertyWidget.obj
         D:\sahil\dev\WindowDetective\src\\Release\x64\HexSpinBox.obj
         D:\sahil\dev\WindowDetective\src\\Release\x64\MessageWidget.obj
         D:\sahil\dev\WindowDetective\src\\Release\x64\ScrollPropertyWidget.obj
         D:\sahil\dev\WindowDetective\src\\Release\x64\SearchCriteriaWidget.obj
         D:\sahil\dev\WindowDetective\src\\Release\x64\SearchInputPane.obj
         D:\sahil\dev\WindowDetective\src\\Release\x64\TreeItem.obj
         D:\sahil\dev\WindowDetective\src\\Release\x64\WindowPicker.obj
         D:\sahil\dev\WindowDetective\src\\Release\x64\WindowPropWidget.obj
         D:\sahil\dev\WindowDetective\src\\Release\x64\WindowTree.obj
         D:\sahil\dev\WindowDetective\src\\Release\x64\AbstractPropertyPage.obj
         D:\sahil\dev\WindowDetective\src\\Release\x64\ComboBoxPropertyPage.obj
         D:\sahil\dev\WindowDetective\src\\Release\x64\DateTimePickerPropertyPage.obj
         D:\sahil\dev\WindowDetective\src\\Release\x64\EditPropertyPage.obj
         D:\sahil\dev\WindowDetective\src\\Release\x64\GenericPropertyPage.obj
         D:\sahil\dev\WindowDetective\src\\Release\x64\ListBoxPropertyPage.obj
         D:\sahil\dev\WindowDetective\src\\Release\x64\ListViewPropertyPage.obj
         D:\sahil\dev\WindowDetective\src\\Release\x64\ProgressBarPropertyPage.obj
         D:\sahil\dev\WindowDetective\src\\Release\x64\PropertiesPane.obj
         D:\sahil\dev\WindowDetective\src\\Release\x64\StatusBarPropertyPage.obj
         D:\sahil\dev\WindowDetective\src\\Release\x64\TabPropertyPage.obj
         D:\sahil\dev\WindowDetective\src\\Release\x64\WindowClassPropertyPage.obj
         D:\sahil\dev\WindowDetective\src\\Release\x64\DynamicData.obj
         D:\sahil\dev\WindowDetective\src\\Release\x64\MessageHandler.obj
         D:\sahil\dev\WindowDetective\src\\Release\x64\Process.obj
         D:\sahil\dev\WindowDetective\src\\Release\x64\RemoteFunctions.obj
         D:\sahil\dev\WindowDetective\src\\Release\x64\SearchCriteria.obj
         D:\sahil\dev\WindowDetective\src\\Release\x64\WindowManager.obj
         D:\sahil\dev\WindowDetective\src\\Release\x64\WindowMessage.obj
         D:\sahil\dev\WindowDetective\src\\Release\x64\WindowMisc.obj
         D:\sahil\dev\WindowDetective\src\\Release\x64\Button.obj
         D:\sahil\dev\WindowDetective\src\\Release\x64\ComboBox.obj
         D:\sahil\dev\WindowDetective\src\\Release\x64\DateTimePicker.obj
         D:\sahil\dev\WindowDetective\src\\Release\x64\Edit.obj
         D:\sahil\dev\WindowDetective\src\\Release\x64\ListBox.obj
         D:\sahil\dev\WindowDetective\src\\Release\x64\ListView.obj
         D:\sahil\dev\WindowDetective\src\\Release\x64\ProgressBar.obj
         D:\sahil\dev\WindowDetective\src\\Release\x64\StatusBar.obj
         D:\sahil\dev\WindowDetective\src\\Release\x64\Tab.obj
         D:\sahil\dev\WindowDetective\src\\Release\x64\Window.obj
         D:\sahil\dev\WindowDetective\src\x64\Release\WD_Hook_x64_Release.lib
         Window Detective.vcxproj -> D:\sahil\dev\WindowDetective\src\\x64\Release\Window Detective_x64_Release.exe
     1>Done Building Project "D:\sahil\dev\WindowDetective\src\Window Detective.vcxproj" (Build target(s)).

Build succeeded.

Time Elapsed 00:00:05.29
