C:\SAHIL\DEVELOPMENT\WINDOW-DETECTIVE-3.5.1-SRC\SRC\RELEASE\X64\MOC_MESSAGESPANE.OBJ
C:\SAHIL\DEVELOPMENT\WINDOW-DETECTIVE-3.5.1-SRC\SRC\RELEASE\X64\MOC_MESSAGEFILTERING.OBJ
C:\SAHIL\DEVELOPMENT\WINDOW-DETECTIVE-3.5.1-SRC\SRC\RELEASE\X64\MOC_MESSAGEFILTERDIALOG.OBJ
C:\SAHIL\DEVELOPMENT\WINDOW-DETECTIVE-3.5.1-SRC\SRC\RELEASE\X64\MOC_MAINWINDOW.OBJ
C:\SAHIL\DEVELOPMENT\WINDOW-DETECTIVE-3.5.1-SRC\SRC\RELEASE\X64\MOC_LISTVIEWPROPERTYPAGE.OBJ
C:\SAHIL\DEVELOPMENT\WINDOW-DETECTIVE-3.5.1-SRC\SRC\RELEASE\X64\MOC_LISTBOXPROPERTYPAGE.OBJ
C:\SAHIL\DEVELOPMENT\WINDOW-DETECTIVE-3.5.1-SRC\SRC\RELEASE\X64\MOC_INFOPANE.OBJ
C:\SAHIL\DEVELOPMENT\WINDOW-DETECTIVE-3.5.1-SRC\SRC\RELEASE\X64\MOC_HIGHLIGHTPANE.OBJ
C:\SAHIL\DEVELOPMENT\WINDOW-DETECTIVE-3.5.1-SRC\SRC\RELEASE\X64\MOC_HEXSPINBOX.OBJ
C:\SAHIL\DEVELOPMENT\WINDOW-DETECTIVE-3.5.1-SRC\SRC\RELEASE\X64\MOC_GENERICPROPERTYPAGE.OBJ
C:\SAHIL\DEVELOPMENT\WINDOW-DETECTIVE-3.5.1-SRC\SRC\RELEASE\X64\MOC_FONTPROPERTYWIDGET.OBJ
C:\SAHIL\DEVELOPMENT\WINDOW-DETECTIVE-3.5.1-SRC\SRC\RELEASE\X64\MOC_FINDDIALOG.OBJ
C:\SAHIL\DEVELOPMENT\WINDOW-DETECTIVE-3.5.1-SRC\SRC\RELEASE\X64\MOC_EDITPROPERTYPAGE.OBJ
C:\SAHIL\DEVELOPMENT\WINDOW-DETECTIVE-3.5.1-SRC\SRC\RELEASE\X64\MOC_DATETIMEPICKERPROPERTYPAGE.OBJ
C:\SAHIL\DEVELOPMENT\WINDOW-DETECTIVE-3.5.1-SRC\SRC\RELEASE\X64\MOC_COMBOBOXPROPERTYPAGE.OBJ
C:\SAHIL\DEVELOPMENT\WINDOW-DETECTIVE-3.5.1-SRC\SRC\RELEASE\X64\MOC_COLOURBUTTON.OBJ
C:\SAHIL\DEVELOPMENT\WINDOW-DETECTIVE-3.5.1-SRC\SRC\RELEASE\X64\MOC_BRUSHPROPERTYWIDGET.OBJ
C:\SAHIL\DEVELOPMENT\WINDOW-DETECTIVE-3.5.1-SRC\SRC\RELEASE\X64\MOC_BALLOONTIP.OBJ
C:\SAHIL\DEVELOPMENT\WINDOW-DETECTIVE-3.5.1-SRC\SRC\RELEASE\X64\MOC_ABSTRACTPROPERTYPAGE.OBJ
C:\SAHIL\DEVELOPMENT\WINDOW-DETECTIVE-3.5.1-SRC\SRC\RELEASE\X64\MOC_ABOUTDIALOG.OBJ
C:\SAHIL\DEVELOPMENT\WINDOW-DETECTIVE-3.5.1-SRC\SRC\RELEASE\X64\MOC_WINDOWCLASSPROPERTYPAGE.OBJ
C:\SAHIL\DEVELOPMENT\WINDOW-DETECTIVE-3.5.1-SRC\SRC\RELEASE\X64\MOC_WINDOW.OBJ
C:\SAHIL\DEVELOPMENT\WINDOW-DETECTIVE-3.5.1-SRC\SRC\RELEASE\X64\MOC_TREEITEM.OBJ
C:\SAHIL\DEVELOPMENT\WINDOW-DETECTIVE-3.5.1-SRC\SRC\RELEASE\X64\MOC_TABPROPERTYPAGE.OBJ
C:\SAHIL\DEVELOPMENT\WINDOW-DETECTIVE-3.5.1-SRC\SRC\RELEASE\X64\MOC_SYSTEMPARAMETERSPANE.OBJ
C:\SAHIL\DEVELOPMENT\WINDOW-DETECTIVE-3.5.1-SRC\SRC\RELEASE\X64\MOC_SYSTEMMETRICSPANE.OBJ
C:\SAHIL\DEVELOPMENT\WINDOW-DETECTIVE-3.5.1-SRC\SRC\RELEASE\X64\MOC_SYSTEMINFODIALOG.OBJ
C:\SAHIL\DEVELOPMENT\WINDOW-DETECTIVE-3.5.1-SRC\SRC\RELEASE\X64\MOC_SYSTEMCOLOURSPANE.OBJ
C:\SAHIL\DEVELOPMENT\WINDOW-DETECTIVE-3.5.1-SRC\SRC\RELEASE\X64\MOC_STATUSBARPROPERTYPAGE.OBJ
C:\SAHIL\DEVELOPMENT\WINDOW-DETECTIVE-3.5.1-SRC\SRC\RELEASE\X64\MOC_SIZEINPUTWIDGET.OBJ
C:\SAHIL\DEVELOPMENT\WINDOW-DETECTIVE-3.5.1-SRC\SRC\RELEASE\X64\MOC_SETPROPERTIESDIALOG.OBJ
C:\SAHIL\DEVELOPMENT\WINDOW-DETECTIVE-3.5.1-SRC\SRC\RELEASE\X64\MOC_SEARCHRESULTSDIALOG.OBJ
C:\SAHIL\DEVELOPMENT\WINDOW-DETECTIVE-3.5.1-SRC\SRC\RELEASE\X64\MOC_SEARCHINPUTPANE.OBJ
C:\SAHIL\DEVELOPMENT\WINDOW-DETECTIVE-3.5.1-SRC\SRC\RELEASE\X64\MOC_SEARCHCRITERIAWIDGET.OBJ
C:\SAHIL\DEVELOPMENT\WINDOW-DETECTIVE-3.5.1-SRC\SRC\RELEASE\X64\MOC_SCROLLPROPERTYWIDGET.OBJ
C:\SAHIL\DEVELOPMENT\WINDOW-DETECTIVE-3.5.1-SRC\SRC\RELEASE\X64\MOC_RESIZABLEDOCKCONTAINER.OBJ
C:\SAHIL\DEVELOPMENT\WINDOW-DETECTIVE-3.5.1-SRC\SRC\RELEASE\X64\MOC_PROPERTIESPANE.OBJ
C:\SAHIL\DEVELOPMENT\WINDOW-DETECTIVE-3.5.1-SRC\SRC\RELEASE\X64\MOC_PROGRESSBARPROPERTYPAGE.OBJ
C:\SAHIL\DEVELOPMENT\WINDOW-DETECTIVE-3.5.1-SRC\SRC\RELEASE\X64\MOC_PREFERENCESDIALOG.OBJ
C:\SAHIL\DEVELOPMENT\WINDOW-DETECTIVE-3.5.1-SRC\SRC\RELEASE\X64\MOC_MESSAGEWIDGET.OBJ
C:\SAHIL\DEVELOPMENT\WINDOW-DETECTIVE-3.5.1-SRC\SRC\RELEASE\X64\HIGHLIGHTPANE.OBJ
C:\SAHIL\DEVELOPMENT\WINDOW-DETECTIVE-3.5.1-SRC\SRC\RELEASE\X64\FINDDIALOG.OBJ
C:\SAHIL\DEVELOPMENT\WINDOW-DETECTIVE-3.5.1-SRC\SRC\RELEASE\X64\ACTIONMANAGER.OBJ
C:\SAHIL\DEVELOPMENT\WINDOW-DETECTIVE-3.5.1-SRC\SRC\RELEASE\X64\ABOUTDIALOG.OBJ
C:\SAHIL\DEVELOPMENT\WINDOW-DETECTIVE-3.5.1-SRC\SRC\RELEASE\X64\STRINGFORMATTER.OBJ
C:\SAHIL\DEVELOPMENT\WINDOW-DETECTIVE-3.5.1-SRC\SRC\RELEASE\X64\SETTINGS.OBJ
C:\SAHIL\DEVELOPMENT\WINDOW-DETECTIVE-3.5.1-SRC\SRC\RELEASE\X64\RESOURCES.OBJ
C:\SAHIL\DEVELOPMENT\WINDOW-DETECTIVE-3.5.1-SRC\SRC\RELEASE\X64\QTHELPERS.OBJ
C:\SAHIL\DEVELOPMENT\WINDOW-DETECTIVE-3.5.1-SRC\SRC\RELEASE\X64\MAIN.OBJ
C:\SAHIL\DEVELOPMENT\WINDOW-DETECTIVE-3.5.1-SRC\SRC\RELEASE\X64\LOGGER.OBJ
C:\SAHIL\DEVELOPMENT\WINDOW-DETECTIVE-3.5.1-SRC\SRC\RELEASE\X64\INIFILE.OBJ
C:\SAHIL\DEVELOPMENT\WINDOW-DETECTIVE-3.5.1-SRC\SRC\RELEASE\X64\SYSTEMMETRICSPANE.OBJ
C:\SAHIL\DEVELOPMENT\WINDOW-DETECTIVE-3.5.1-SRC\SRC\RELEASE\X64\SYSTEMPARAMETERSPANE.OBJ
C:\SAHIL\DEVELOPMENT\WINDOW-DETECTIVE-3.5.1-SRC\SRC\RELEASE\X64\SYSTEMCOLOURSPANE.OBJ
C:\SAHIL\DEVELOPMENT\WINDOW-DETECTIVE-3.5.1-SRC\SRC\RELEASE\X64\SIZEINPUTWIDGET.OBJ
C:\SAHIL\DEVELOPMENT\WINDOW-DETECTIVE-3.5.1-SRC\SRC\RELEASE\X64\QRC_QT_RESOURCES.OBJ
C:\SAHIL\DEVELOPMENT\WINDOW-DETECTIVE-3.5.1-SRC\SRC\RELEASE\X64\MOC_WINDOWTREE.OBJ
C:\SAHIL\DEVELOPMENT\WINDOW-DETECTIVE-3.5.1-SRC\SRC\RELEASE\X64\MOC_WINDOWPROPWIDGET.OBJ
C:\SAHIL\DEVELOPMENT\WINDOW-DETECTIVE-3.5.1-SRC\SRC\RELEASE\X64\MOC_WINDOWPICKER.OBJ
C:\SAHIL\DEVELOPMENT\WINDOW-DETECTIVE-3.5.1-SRC\SRC\RELEASE\X64\MOC_WINDOWMANAGER.OBJ
C:\SAHIL\DEVELOPMENT\WINDOW-DETECTIVE-3.5.1-SRC\SRC\RELEASE\X64\WINDOWPICKER.OBJ
C:\SAHIL\DEVELOPMENT\WINDOW-DETECTIVE-3.5.1-SRC\SRC\RELEASE\X64\TREEITEM.OBJ
C:\SAHIL\DEVELOPMENT\WINDOW-DETECTIVE-3.5.1-SRC\SRC\RELEASE\X64\SEARCHINPUTPANE.OBJ
C:\SAHIL\DEVELOPMENT\WINDOW-DETECTIVE-3.5.1-SRC\SRC\RELEASE\X64\SEARCHCRITERIAWIDGET.OBJ
C:\SAHIL\DEVELOPMENT\WINDOW-DETECTIVE-3.5.1-SRC\SRC\RELEASE\X64\SCROLLPROPERTYWIDGET.OBJ
C:\SAHIL\DEVELOPMENT\WINDOW-DETECTIVE-3.5.1-SRC\SRC\RELEASE\X64\MESSAGEWIDGET.OBJ
C:\SAHIL\DEVELOPMENT\WINDOW-DETECTIVE-3.5.1-SRC\SRC\RELEASE\X64\HEXSPINBOX.OBJ
C:\SAHIL\DEVELOPMENT\WINDOW-DETECTIVE-3.5.1-SRC\SRC\RELEASE\X64\FONTPROPERTYWIDGET.OBJ
C:\SAHIL\DEVELOPMENT\WINDOW-DETECTIVE-3.5.1-SRC\SRC\RELEASE\X64\COLOURBUTTON.OBJ
C:\SAHIL\DEVELOPMENT\WINDOW-DETECTIVE-3.5.1-SRC\SRC\RELEASE\X64\BRUSHPROPERTYWIDGET.OBJ
C:\SAHIL\DEVELOPMENT\WINDOW-DETECTIVE-3.5.1-SRC\SRC\RELEASE\X64\BALLOONTIP.OBJ
C:\SAHIL\DEVELOPMENT\WINDOW-DETECTIVE-3.5.1-SRC\SRC\RELEASE\X64\SYSTEMINFODIALOG.OBJ
C:\SAHIL\DEVELOPMENT\WINDOW-DETECTIVE-3.5.1-SRC\SRC\RELEASE\X64\SETPROPERTIESDIALOG.OBJ
C:\SAHIL\DEVELOPMENT\WINDOW-DETECTIVE-3.5.1-SRC\SRC\RELEASE\X64\SEARCHRESULTSDIALOG.OBJ
C:\SAHIL\DEVELOPMENT\WINDOW-DETECTIVE-3.5.1-SRC\SRC\RELEASE\X64\PREFERENCESDIALOG.OBJ
C:\SAHIL\DEVELOPMENT\WINDOW-DETECTIVE-3.5.1-SRC\SRC\RELEASE\X64\MESSAGESPANE.OBJ
C:\SAHIL\DEVELOPMENT\WINDOW-DETECTIVE-3.5.1-SRC\SRC\RELEASE\X64\MESSAGEFILTERING.OBJ
C:\SAHIL\DEVELOPMENT\WINDOW-DETECTIVE-3.5.1-SRC\SRC\RELEASE\X64\MESSAGEFILTERDIALOG.OBJ
C:\SAHIL\DEVELOPMENT\WINDOW-DETECTIVE-3.5.1-SRC\SRC\RELEASE\X64\MAINWINDOW.OBJ
C:\SAHIL\DEVELOPMENT\WINDOW-DETECTIVE-3.5.1-SRC\SRC\RELEASE\X64\INFOPANE.OBJ
C:\SAHIL\DEVELOPMENT\WINDOW-DETECTIVE-3.5.1-SRC\SRC\RELEASE\X64\WINDOWMANAGER.OBJ
C:\SAHIL\DEVELOPMENT\WINDOW-DETECTIVE-3.5.1-SRC\SRC\RELEASE\X64\SEARCHCRITERIA.OBJ
C:\SAHIL\DEVELOPMENT\WINDOW-DETECTIVE-3.5.1-SRC\SRC\RELEASE\X64\REMOTEFUNCTIONS.OBJ
C:\SAHIL\DEVELOPMENT\WINDOW-DETECTIVE-3.5.1-SRC\SRC\RELEASE\X64\PROCESS.OBJ
C:\SAHIL\DEVELOPMENT\WINDOW-DETECTIVE-3.5.1-SRC\SRC\RELEASE\X64\MESSAGEHANDLER.OBJ
C:\SAHIL\DEVELOPMENT\WINDOW-DETECTIVE-3.5.1-SRC\SRC\RELEASE\X64\DYNAMICDATA.OBJ
C:\SAHIL\DEVELOPMENT\WINDOW-DETECTIVE-3.5.1-SRC\SRC\RELEASE\X64\WINDOWCLASSPROPERTYPAGE.OBJ
C:\SAHIL\DEVELOPMENT\WINDOW-DETECTIVE-3.5.1-SRC\SRC\RELEASE\X64\TABPROPERTYPAGE.OBJ
C:\SAHIL\DEVELOPMENT\WINDOW-DETECTIVE-3.5.1-SRC\SRC\RELEASE\X64\STATUSBARPROPERTYPAGE.OBJ
C:\SAHIL\DEVELOPMENT\WINDOW-DETECTIVE-3.5.1-SRC\SRC\RELEASE\X64\PROPERTIESPANE.OBJ
C:\SAHIL\DEVELOPMENT\WINDOW-DETECTIVE-3.5.1-SRC\SRC\RELEASE\X64\PROGRESSBARPROPERTYPAGE.OBJ
C:\SAHIL\DEVELOPMENT\WINDOW-DETECTIVE-3.5.1-SRC\SRC\RELEASE\X64\LISTVIEWPROPERTYPAGE.OBJ
C:\SAHIL\DEVELOPMENT\WINDOW-DETECTIVE-3.5.1-SRC\SRC\RELEASE\X64\LISTBOXPROPERTYPAGE.OBJ
C:\SAHIL\DEVELOPMENT\WINDOW-DETECTIVE-3.5.1-SRC\SRC\RELEASE\X64\GENERICPROPERTYPAGE.OBJ
C:\SAHIL\DEVELOPMENT\WINDOW-DETECTIVE-3.5.1-SRC\SRC\RELEASE\X64\EDITPROPERTYPAGE.OBJ
C:\SAHIL\DEVELOPMENT\WINDOW-DETECTIVE-3.5.1-SRC\SRC\RELEASE\X64\DATETIMEPICKERPROPERTYPAGE.OBJ
C:\SAHIL\DEVELOPMENT\WINDOW-DETECTIVE-3.5.1-SRC\SRC\RELEASE\X64\COMBOBOXPROPERTYPAGE.OBJ
C:\SAHIL\DEVELOPMENT\WINDOW-DETECTIVE-3.5.1-SRC\SRC\RELEASE\X64\ABSTRACTPROPERTYPAGE.OBJ
C:\SAHIL\DEVELOPMENT\WINDOW-DETECTIVE-3.5.1-SRC\SRC\RELEASE\X64\WINDOWTREE.OBJ
C:\SAHIL\DEVELOPMENT\WINDOW-DETECTIVE-3.5.1-SRC\SRC\RELEASE\X64\WINDOWPROPWIDGET.OBJ
C:\SAHIL\DEVELOPMENT\WINDOW-DETECTIVE-3.5.1-SRC\SRC\RELEASE\X64\WINDOW.OBJ
C:\SAHIL\DEVELOPMENT\WINDOW-DETECTIVE-3.5.1-SRC\SRC\RELEASE\X64\TAB.OBJ
C:\SAHIL\DEVELOPMENT\WINDOW-DETECTIVE-3.5.1-SRC\SRC\RELEASE\X64\STATUSBAR.OBJ
C:\SAHIL\DEVELOPMENT\WINDOW-DETECTIVE-3.5.1-SRC\SRC\RELEASE\X64\PROGRESSBAR.OBJ
C:\SAHIL\DEVELOPMENT\WINDOW-DETECTIVE-3.5.1-SRC\SRC\RELEASE\X64\LISTVIEW.OBJ
C:\SAHIL\DEVELOPMENT\WINDOW-DETECTIVE-3.5.1-SRC\SRC\RELEASE\X64\LISTBOX.OBJ
C:\SAHIL\DEVELOPMENT\WINDOW-DETECTIVE-3.5.1-SRC\SRC\RELEASE\X64\EDIT.OBJ
C:\SAHIL\DEVELOPMENT\WINDOW-DETECTIVE-3.5.1-SRC\SRC\RELEASE\X64\DATETIMEPICKER.OBJ
C:\SAHIL\DEVELOPMENT\WINDOW-DETECTIVE-3.5.1-SRC\SRC\RELEASE\X64\COMBOBOX.OBJ
C:\SAHIL\DEVELOPMENT\WINDOW-DETECTIVE-3.5.1-SRC\SRC\RELEASE\X64\BUTTON.OBJ
C:\SAHIL\DEVELOPMENT\WINDOW-DETECTIVE-3.5.1-SRC\SRC\RELEASE\X64\WINDOWMISC.OBJ
C:\SAHIL\DEVELOPMENT\WINDOW-DETECTIVE-3.5.1-SRC\SRC\RELEASE\X64\WINDOWMESSAGE.OBJ
D:\SAHIL\DEV\WINDOWDETECTIVE\SRC\RELEASE\X64\MOC_MESSAGEFILTERING.OBJ
D:\SAHIL\DEV\WINDOWDETECTIVE\SRC\RELEASE\X64\MOC_MESSAGEFILTERDIALOG.OBJ
D:\SAHIL\DEV\WINDOWDETECTIVE\SRC\RELEASE\X64\MOC_MAINWINDOW.OBJ
D:\SAHIL\DEV\WINDOWDETECTIVE\SRC\RELEASE\X64\MOC_LISTVIEWPROPERTYPAGE.OBJ
D:\SAHIL\DEV\WINDOWDETECTIVE\SRC\RELEASE\X64\MOC_LISTBOXPROPERTYPAGE.OBJ
D:\SAHIL\DEV\WINDOWDETECTIVE\SRC\RELEASE\X64\MOC_INFOPANE.OBJ
D:\SAHIL\DEV\WINDOWDETECTIVE\SRC\RELEASE\X64\MOC_HIGHLIGHTPANE.OBJ
D:\SAHIL\DEV\WINDOWDETECTIVE\SRC\RELEASE\X64\MOC_HEXSPINBOX.OBJ
D:\SAHIL\DEV\WINDOWDETECTIVE\SRC\RELEASE\X64\MOC_GENERICPROPERTYPAGE.OBJ
D:\SAHIL\DEV\WINDOWDETECTIVE\SRC\RELEASE\X64\MOC_FONTPROPERTYWIDGET.OBJ
D:\SAHIL\DEV\WINDOWDETECTIVE\SRC\RELEASE\X64\MOC_FINDDIALOG.OBJ
D:\SAHIL\DEV\WINDOWDETECTIVE\SRC\RELEASE\X64\MOC_REMOTECONNECTIONDIALOG.OBJ
D:\SAHIL\DEV\WINDOWDETECTIVE\SRC\RELEASE\X64\MOC_EDITPROPERTYPAGE.OBJ
D:\SAHIL\DEV\WINDOWDETECTIVE\SRC\RELEASE\X64\MOC_DATETIMEPICKERPROPERTYPAGE.OBJ
D:\SAHIL\DEV\WINDOWDETECTIVE\SRC\RELEASE\X64\MOC_COMBOBOXPROPERTYPAGE.OBJ
D:\SAHIL\DEV\WINDOWDETECTIVE\SRC\RELEASE\X64\MOC_COLOURBUTTON.OBJ
D:\SAHIL\DEV\WINDOWDETECTIVE\SRC\RELEASE\X64\MOC_BRUSHPROPERTYWIDGET.OBJ
D:\SAHIL\DEV\WINDOWDETECTIVE\SRC\RELEASE\X64\MOC_BALLOONTIP.OBJ
D:\SAHIL\DEV\WINDOWDETECTIVE\SRC\RELEASE\X64\MOC_ABSTRACTPROPERTYPAGE.OBJ
D:\SAHIL\DEV\WINDOWDETECTIVE\SRC\RELEASE\X64\MOC_ABOUTDIALOG.OBJ
D:\SAHIL\DEV\WINDOWDETECTIVE\SRC\RELEASE\X64\MOC_WINDOW.OBJ
D:\SAHIL\DEV\WINDOWDETECTIVE\SRC\RELEASE\X64\MOC_TREEITEM.OBJ
D:\SAHIL\DEV\WINDOWDETECTIVE\SRC\RELEASE\X64\MOC_TABPROPERTYPAGE.OBJ
D:\SAHIL\DEV\WINDOWDETECTIVE\SRC\RELEASE\X64\MOC_SYSTEMPARAMETERSPANE.OBJ
D:\SAHIL\DEV\WINDOWDETECTIVE\SRC\RELEASE\X64\MOC_SYSTEMMETRICSPANE.OBJ
D:\SAHIL\DEV\WINDOWDETECTIVE\SRC\RELEASE\X64\MOC_SYSTEMINFODIALOG.OBJ
D:\SAHIL\DEV\WINDOWDETECTIVE\SRC\RELEASE\X64\MOC_SYSTEMCOLOURSPANE.OBJ
D:\SAHIL\DEV\WINDOWDETECTIVE\SRC\RELEASE\X64\MOC_STATUSBARPROPERTYPAGE.OBJ
D:\SAHIL\DEV\WINDOWDETECTIVE\SRC\RELEASE\X64\MOC_SIZEINPUTWIDGET.OBJ
D:\SAHIL\DEV\WINDOWDETECTIVE\SRC\RELEASE\X64\MOC_SETPROPERTIESDIALOG.OBJ
D:\SAHIL\DEV\WINDOWDETECTIVE\SRC\RELEASE\X64\MOC_SEARCHRESULTSDIALOG.OBJ
D:\SAHIL\DEV\WINDOWDETECTIVE\SRC\RELEASE\X64\MOC_SEARCHINPUTPANE.OBJ
D:\SAHIL\DEV\WINDOWDETECTIVE\SRC\RELEASE\X64\MOC_SEARCHCRITERIAWIDGET.OBJ
D:\SAHIL\DEV\WINDOWDETECTIVE\SRC\RELEASE\X64\MOC_SCROLLPROPERTYWIDGET.OBJ
D:\SAHIL\DEV\WINDOWDETECTIVE\SRC\RELEASE\X64\MOC_RESIZABLEDOCKCONTAINER.OBJ
D:\SAHIL\DEV\WINDOWDETECTIVE\SRC\RELEASE\X64\MOC_PROPERTIESPANE.OBJ
D:\SAHIL\DEV\WINDOWDETECTIVE\SRC\RELEASE\X64\MOC_PROGRESSBARPROPERTYPAGE.OBJ
D:\SAHIL\DEV\WINDOWDETECTIVE\SRC\RELEASE\X64\MOC_PREFERENCESDIALOG.OBJ
D:\SAHIL\DEV\WINDOWDETECTIVE\SRC\RELEASE\X64\MOC_MESSAGEWIDGET.OBJ
D:\SAHIL\DEV\WINDOWDETECTIVE\SRC\RELEASE\X64\MOC_MESSAGESPANE.OBJ
D:\SAHIL\DEV\WINDOWDETECTIVE\SRC\RELEASE\X64\STRINGFORMATTER.OBJ
D:\SAHIL\DEV\WINDOWDETECTIVE\SRC\RELEASE\X64\SETTINGS.OBJ
D:\SAHIL\DEV\WINDOWDETECTIVE\SRC\RELEASE\X64\RESOURCES.OBJ
D:\SAHIL\DEV\WINDOWDETECTIVE\SRC\RELEASE\X64\QTHELPERS.OBJ
D:\SAHIL\DEV\WINDOWDETECTIVE\SRC\RELEASE\X64\MAIN.OBJ
D:\SAHIL\DEV\WINDOWDETECTIVE\SRC\RELEASE\X64\LOGGER.OBJ
D:\SAHIL\DEV\WINDOWDETECTIVE\SRC\RELEASE\X64\INIFILE.OBJ
D:\SAHIL\DEV\WINDOWDETECTIVE\SRC\RELEASE\X64\SYSTEMMETRICSPANE.OBJ
D:\SAHIL\DEV\WINDOWDETECTIVE\SRC\RELEASE\X64\SYSTEMPARAMETERSPANE.OBJ
D:\SAHIL\DEV\WINDOWDETECTIVE\SRC\RELEASE\X64\SYSTEMCOLOURSPANE.OBJ
D:\SAHIL\DEV\WINDOWDETECTIVE\SRC\RELEASE\X64\REMOTECONNECTIONDIALOG.OBJ
D:\SAHIL\DEV\WINDOWDETECTIVE\SRC\RELEASE\X64\SIZEINPUTWIDGET.OBJ
D:\SAHIL\DEV\WINDOWDETECTIVE\SRC\RELEASE\X64\SERVERTHREAD.OBJ
D:\SAHIL\DEV\WINDOWDETECTIVE\SRC\RELEASE\X64\REMOTESERVER.OBJ
D:\SAHIL\DEV\WINDOWDETECTIVE\SRC\RELEASE\X64\QRC_QT_RESOURCES.OBJ
D:\SAHIL\DEV\WINDOWDETECTIVE\SRC\RELEASE\X64\MOC_WINDOWTREE.OBJ
D:\SAHIL\DEV\WINDOWDETECTIVE\SRC\RELEASE\X64\MOC_WINDOWPROPWIDGET.OBJ
D:\SAHIL\DEV\WINDOWDETECTIVE\SRC\RELEASE\X64\MOC_WINDOWPICKER.OBJ
D:\SAHIL\DEV\WINDOWDETECTIVE\SRC\RELEASE\X64\MOC_WINDOWMANAGER.OBJ
D:\SAHIL\DEV\WINDOWDETECTIVE\SRC\RELEASE\X64\MOC_WINDOWCLASSPROPERTYPAGE.OBJ
D:\SAHIL\DEV\WINDOWDETECTIVE\SRC\RELEASE\X64\SCROLLPROPERTYWIDGET.OBJ
D:\SAHIL\DEV\WINDOWDETECTIVE\SRC\RELEASE\X64\MESSAGEWIDGET.OBJ
D:\SAHIL\DEV\WINDOWDETECTIVE\SRC\RELEASE\X64\HEXSPINBOX.OBJ
D:\SAHIL\DEV\WINDOWDETECTIVE\SRC\RELEASE\X64\FONTPROPERTYWIDGET.OBJ
D:\SAHIL\DEV\WINDOWDETECTIVE\SRC\RELEASE\X64\COLOURBUTTON.OBJ
D:\SAHIL\DEV\WINDOWDETECTIVE\SRC\RELEASE\X64\BRUSHPROPERTYWIDGET.OBJ
D:\SAHIL\DEV\WINDOWDETECTIVE\SRC\RELEASE\X64\BALLOONTIP.OBJ
D:\SAHIL\DEV\WINDOWDETECTIVE\SRC\RELEASE\X64\SYSTEMINFODIALOG.OBJ
D:\SAHIL\DEV\WINDOWDETECTIVE\SRC\RELEASE\X64\SETPROPERTIESDIALOG.OBJ
D:\SAHIL\DEV\WINDOWDETECTIVE\SRC\RELEASE\X64\SEARCHRESULTSDIALOG.OBJ
D:\SAHIL\DEV\WINDOWDETECTIVE\SRC\RELEASE\X64\PREFERENCESDIALOG.OBJ
D:\SAHIL\DEV\WINDOWDETECTIVE\SRC\RELEASE\X64\MESSAGESPANE.OBJ
D:\SAHIL\DEV\WINDOWDETECTIVE\SRC\RELEASE\X64\MESSAGEFILTERING.OBJ
D:\SAHIL\DEV\WINDOWDETECTIVE\SRC\RELEASE\X64\MESSAGEFILTERDIALOG.OBJ
D:\SAHIL\DEV\WINDOWDETECTIVE\SRC\RELEASE\X64\MAINWINDOW.OBJ
D:\SAHIL\DEV\WINDOWDETECTIVE\SRC\RELEASE\X64\INFOPANE.OBJ
D:\SAHIL\DEV\WINDOWDETECTIVE\SRC\RELEASE\X64\HIGHLIGHTPANE.OBJ
D:\SAHIL\DEV\WINDOWDETECTIVE\SRC\RELEASE\X64\FINDDIALOG.OBJ
D:\SAHIL\DEV\WINDOWDETECTIVE\SRC\RELEASE\X64\ACTIONMANAGER.OBJ
D:\SAHIL\DEV\WINDOWDETECTIVE\SRC\RELEASE\X64\ABOUTDIALOG.OBJ
D:\SAHIL\DEV\WINDOWDETECTIVE\SRC\RELEASE\X64\MESSAGEHANDLER.OBJ
D:\SAHIL\DEV\WINDOWDETECTIVE\SRC\RELEASE\X64\DYNAMICDATA.OBJ
D:\SAHIL\DEV\WINDOWDETECTIVE\SRC\RELEASE\X64\WINDOWCLASSPROPERTYPAGE.OBJ
D:\SAHIL\DEV\WINDOWDETECTIVE\SRC\RELEASE\X64\TABPROPERTYPAGE.OBJ
D:\SAHIL\DEV\WINDOWDETECTIVE\SRC\RELEASE\X64\STATUSBARPROPERTYPAGE.OBJ
D:\SAHIL\DEV\WINDOWDETECTIVE\SRC\RELEASE\X64\PROPERTIESPANE.OBJ
D:\SAHIL\DEV\WINDOWDETECTIVE\SRC\RELEASE\X64\PROGRESSBARPROPERTYPAGE.OBJ
D:\SAHIL\DEV\WINDOWDETECTIVE\SRC\RELEASE\X64\LISTVIEWPROPERTYPAGE.OBJ
D:\SAHIL\DEV\WINDOWDETECTIVE\SRC\RELEASE\X64\LISTBOXPROPERTYPAGE.OBJ
D:\SAHIL\DEV\WINDOWDETECTIVE\SRC\RELEASE\X64\GENERICPROPERTYPAGE.OBJ
D:\SAHIL\DEV\WINDOWDETECTIVE\SRC\RELEASE\X64\EDITPROPERTYPAGE.OBJ
D:\SAHIL\DEV\WINDOWDETECTIVE\SRC\RELEASE\X64\DATETIMEPICKERPROPERTYPAGE.OBJ
D:\SAHIL\DEV\WINDOWDETECTIVE\SRC\RELEASE\X64\COMBOBOXPROPERTYPAGE.OBJ
D:\SAHIL\DEV\WINDOWDETECTIVE\SRC\RELEASE\X64\ABSTRACTPROPERTYPAGE.OBJ
D:\SAHIL\DEV\WINDOWDETECTIVE\SRC\RELEASE\X64\WINDOWTREE.OBJ
D:\SAHIL\DEV\WINDOWDETECTIVE\SRC\RELEASE\X64\WINDOWPROPWIDGET.OBJ
D:\SAHIL\DEV\WINDOWDETECTIVE\SRC\RELEASE\X64\WINDOWPICKER.OBJ
D:\SAHIL\DEV\WINDOWDETECTIVE\SRC\RELEASE\X64\TREEITEM.OBJ
D:\SAHIL\DEV\WINDOWDETECTIVE\SRC\RELEASE\X64\SEARCHINPUTPANE.OBJ
D:\SAHIL\DEV\WINDOWDETECTIVE\SRC\RELEASE\X64\SEARCHCRITERIAWIDGET.OBJ
D:\SAHIL\DEV\WINDOWDETECTIVE\SRC\RELEASE\X64\WINDOW.OBJ
D:\SAHIL\DEV\WINDOWDETECTIVE\SRC\RELEASE\X64\TAB.OBJ
D:\SAHIL\DEV\WINDOWDETECTIVE\SRC\RELEASE\X64\STATUSBAR.OBJ
D:\SAHIL\DEV\WINDOWDETECTIVE\SRC\RELEASE\X64\PROGRESSBAR.OBJ
D:\SAHIL\DEV\WINDOWDETECTIVE\SRC\RELEASE\X64\LISTVIEW.OBJ
D:\SAHIL\DEV\WINDOWDETECTIVE\SRC\RELEASE\X64\LISTBOX.OBJ
D:\SAHIL\DEV\WINDOWDETECTIVE\SRC\RELEASE\X64\EDIT.OBJ
D:\SAHIL\DEV\WINDOWDETECTIVE\SRC\RELEASE\X64\DATETIMEPICKER.OBJ
D:\SAHIL\DEV\WINDOWDETECTIVE\SRC\RELEASE\X64\COMBOBOX.OBJ
D:\SAHIL\DEV\WINDOWDETECTIVE\SRC\RELEASE\X64\BUTTON.OBJ
D:\SAHIL\DEV\WINDOWDETECTIVE\SRC\RELEASE\X64\WINDOWMISC.OBJ
D:\SAHIL\DEV\WINDOWDETECTIVE\SRC\RELEASE\X64\WINDOWMESSAGE.OBJ
D:\SAHIL\DEV\WINDOWDETECTIVE\SRC\RELEASE\X64\WINDOWMANAGER.OBJ
D:\SAHIL\DEV\WINDOWDETECTIVE\SRC\RELEASE\X64\SEARCHCRITERIA.OBJ
D:\SAHIL\DEV\WINDOWDETECTIVE\SRC\RELEASE\X64\REMOTEFUNCTIONS.OBJ
D:\SAHIL\DEV\WINDOWDETECTIVE\SRC\RELEASE\X64\PROCESS.OBJ
D:\SAHIL\DEV\WINDOWDETECTIVE\SRC\RELEASE\X64\MOC_SERVERTHREAD.OBJ
D:\SAHIL\DEV\WINDOWDETECTIVE\SRC\RELEASE\X64\MOC_REMOTESERVER.OBJ
C:\SAHIL\DEVELOPMENT\WINDOW-DETECTIVE-3.5.1-SRC\SRC\RELEASE\MOC\MOC_RESIZABLEDOCKCONTAINER.CPP
C:\SAHIL\DEVELOPMENT\WINDOW-DETECTIVE-3.5.1-SRC\SRC\RELEASE\MOC\MOC_SIZEINPUTWIDGET.CPP
C:\SAHIL\DEVELOPMENT\WINDOW-DETECTIVE-3.5.1-SRC\SRC\RELEASE\MOC\MOC_SYSTEMCOLOURSPANE.CPP
C:\SAHIL\DEVELOPMENT\WINDOW-DETECTIVE-3.5.1-SRC\SRC\RELEASE\MOC\MOC_SYSTEMPARAMETERSPANE.CPP
C:\SAHIL\DEVELOPMENT\WINDOW-DETECTIVE-3.5.1-SRC\SRC\RELEASE\MOC\MOC_SYSTEMMETRICSPANE.CPP
C:\SAHIL\DEVELOPMENT\WINDOW-DETECTIVE-3.5.1-SRC\SRC\RELEASE\MOC\MOC_ABOUTDIALOG.CPP
C:\SAHIL\DEVELOPMENT\WINDOW-DETECTIVE-3.5.1-SRC\SRC\RELEASE\MOC\MOC_FINDDIALOG.CPP
C:\SAHIL\DEVELOPMENT\WINDOW-DETECTIVE-3.5.1-SRC\SRC\RELEASE\MOC\MOC_HIGHLIGHTPANE.CPP
C:\SAHIL\DEVELOPMENT\WINDOW-DETECTIVE-3.5.1-SRC\SRC\RELEASE\MOC\MOC_INFOPANE.CPP
C:\SAHIL\DEVELOPMENT\WINDOW-DETECTIVE-3.5.1-SRC\SRC\RELEASE\MOC\MOC_MAINWINDOW.CPP
C:\SAHIL\DEVELOPMENT\WINDOW-DETECTIVE-3.5.1-SRC\SRC\RELEASE\MOC\MOC_MESSAGEFILTERDIALOG.CPP
C:\SAHIL\DEVELOPMENT\WINDOW-DETECTIVE-3.5.1-SRC\SRC\RELEASE\MOC\MOC_MESSAGEFILTERING.CPP
C:\SAHIL\DEVELOPMENT\WINDOW-DETECTIVE-3.5.1-SRC\SRC\RELEASE\MOC\MOC_MESSAGESPANE.CPP
C:\SAHIL\DEVELOPMENT\WINDOW-DETECTIVE-3.5.1-SRC\SRC\RELEASE\MOC\MOC_PREFERENCESDIALOG.CPP
C:\SAHIL\DEVELOPMENT\WINDOW-DETECTIVE-3.5.1-SRC\SRC\RELEASE\MOC\MOC_SEARCHRESULTSDIALOG.CPP
C:\SAHIL\DEVELOPMENT\WINDOW-DETECTIVE-3.5.1-SRC\SRC\RELEASE\MOC\MOC_SETPROPERTIESDIALOG.CPP
C:\SAHIL\DEVELOPMENT\WINDOW-DETECTIVE-3.5.1-SRC\SRC\RELEASE\MOC\MOC_SYSTEMINFODIALOG.CPP
C:\SAHIL\DEVELOPMENT\WINDOW-DETECTIVE-3.5.1-SRC\SRC\RELEASE\MOC\MOC_BALLOONTIP.CPP
C:\SAHIL\DEVELOPMENT\WINDOW-DETECTIVE-3.5.1-SRC\SRC\RELEASE\MOC\MOC_BRUSHPROPERTYWIDGET.CPP
C:\SAHIL\DEVELOPMENT\WINDOW-DETECTIVE-3.5.1-SRC\SRC\RELEASE\MOC\MOC_COLOURBUTTON.CPP
C:\SAHIL\DEVELOPMENT\WINDOW-DETECTIVE-3.5.1-SRC\SRC\RELEASE\MOC\MOC_FONTPROPERTYWIDGET.CPP
C:\SAHIL\DEVELOPMENT\WINDOW-DETECTIVE-3.5.1-SRC\SRC\RELEASE\MOC\MOC_HEXSPINBOX.CPP
C:\SAHIL\DEVELOPMENT\WINDOW-DETECTIVE-3.5.1-SRC\SRC\RELEASE\MOC\MOC_MESSAGEWIDGET.CPP
C:\SAHIL\DEVELOPMENT\WINDOW-DETECTIVE-3.5.1-SRC\SRC\RELEASE\MOC\MOC_SEARCHCRITERIAWIDGET.CPP
C:\SAHIL\DEVELOPMENT\WINDOW-DETECTIVE-3.5.1-SRC\SRC\RELEASE\MOC\MOC_SEARCHINPUTPANE.CPP
C:\SAHIL\DEVELOPMENT\WINDOW-DETECTIVE-3.5.1-SRC\SRC\RELEASE\MOC\MOC_TREEITEM.CPP
C:\SAHIL\DEVELOPMENT\WINDOW-DETECTIVE-3.5.1-SRC\SRC\RELEASE\MOC\MOC_WINDOWPICKER.CPP
C:\SAHIL\DEVELOPMENT\WINDOW-DETECTIVE-3.5.1-SRC\SRC\RELEASE\MOC\MOC_WINDOWPROPWIDGET.CPP
C:\SAHIL\DEVELOPMENT\WINDOW-DETECTIVE-3.5.1-SRC\SRC\RELEASE\MOC\MOC_WINDOWTREE.CPP
C:\SAHIL\DEVELOPMENT\WINDOW-DETECTIVE-3.5.1-SRC\SRC\RELEASE\MOC\MOC_ABSTRACTPROPERTYPAGE.CPP
C:\SAHIL\DEVELOPMENT\WINDOW-DETECTIVE-3.5.1-SRC\SRC\RELEASE\MOC\MOC_COMBOBOXPROPERTYPAGE.CPP
C:\SAHIL\DEVELOPMENT\WINDOW-DETECTIVE-3.5.1-SRC\SRC\RELEASE\MOC\MOC_DATETIMEPICKERPROPERTYPAGE.CPP
C:\SAHIL\DEVELOPMENT\WINDOW-DETECTIVE-3.5.1-SRC\SRC\RELEASE\MOC\MOC_EDITPROPERTYPAGE.CPP
C:\SAHIL\DEVELOPMENT\WINDOW-DETECTIVE-3.5.1-SRC\SRC\RELEASE\MOC\MOC_GENERICPROPERTYPAGE.CPP
C:\SAHIL\DEVELOPMENT\WINDOW-DETECTIVE-3.5.1-SRC\SRC\RELEASE\MOC\MOC_LISTBOXPROPERTYPAGE.CPP
C:\SAHIL\DEVELOPMENT\WINDOW-DETECTIVE-3.5.1-SRC\SRC\RELEASE\MOC\MOC_LISTVIEWPROPERTYPAGE.CPP
C:\SAHIL\DEVELOPMENT\WINDOW-DETECTIVE-3.5.1-SRC\SRC\RELEASE\MOC\MOC_PROGRESSBARPROPERTYPAGE.CPP
C:\SAHIL\DEVELOPMENT\WINDOW-DETECTIVE-3.5.1-SRC\SRC\RELEASE\MOC\MOC_PROPERTIESPANE.CPP
C:\SAHIL\DEVELOPMENT\WINDOW-DETECTIVE-3.5.1-SRC\SRC\RELEASE\MOC\MOC_SCROLLPROPERTYWIDGET.CPP
C:\SAHIL\DEVELOPMENT\WINDOW-DETECTIVE-3.5.1-SRC\SRC\RELEASE\MOC\MOC_STATUSBARPROPERTYPAGE.CPP
C:\SAHIL\DEVELOPMENT\WINDOW-DETECTIVE-3.5.1-SRC\SRC\RELEASE\MOC\MOC_TABPROPERTYPAGE.CPP
C:\SAHIL\DEVELOPMENT\WINDOW-DETECTIVE-3.5.1-SRC\SRC\RELEASE\MOC\MOC_WINDOWCLASSPROPERTYPAGE.CPP
C:\SAHIL\DEVELOPMENT\WINDOW-DETECTIVE-3.5.1-SRC\SRC\RELEASE\MOC\MOC_WINDOWMANAGER.CPP
C:\SAHIL\DEVELOPMENT\WINDOW-DETECTIVE-3.5.1-SRC\SRC\RELEASE\MOC\MOC_WINDOW.CPP
C:\SAHIL\DEVELOPMENT\WINDOW-DETECTIVE-3.5.1-SRC\SRC\UI\FORMS\UI_FINDDIALOG.H
C:\SAHIL\DEVELOPMENT\WINDOW-DETECTIVE-3.5.1-SRC\SRC\UI\FORMS\UI_MAINWINDOW.H
C:\SAHIL\DEVELOPMENT\WINDOW-DETECTIVE-3.5.1-SRC\SRC\UI\FORMS\UI_MESSAGEFILTERDIALOG.H
C:\SAHIL\DEVELOPMENT\WINDOW-DETECTIVE-3.5.1-SRC\SRC\UI\FORMS\UI_MESSAGESPANE.H
C:\SAHIL\DEVELOPMENT\WINDOW-DETECTIVE-3.5.1-SRC\SRC\UI\FORMS\UI_PREFERENCESDIALOG.H
C:\SAHIL\DEVELOPMENT\WINDOW-DETECTIVE-3.5.1-SRC\SRC\UI\FORMS\UI_PROPERTIESPANE.H
C:\SAHIL\DEVELOPMENT\WINDOW-DETECTIVE-3.5.1-SRC\SRC\UI\FORMS\UI_SEARCHRESULTSDIALOG.H
C:\SAHIL\DEVELOPMENT\WINDOW-DETECTIVE-3.5.1-SRC\SRC\UI\FORMS\UI_SETPROPERTIESDIALOG.H
C:\SAHIL\DEVELOPMENT\WINDOW-DETECTIVE-3.5.1-SRC\SRC\UI\FORMS\UI_SYSTEMINFODIALOG.H
C:\SAHIL\DEVELOPMENT\WINDOW-DETECTIVE-3.5.1-SRC\SRC\RELEASE\RCC\QRC_QT_RESOURCES.CPP
C:\SAHIL\DEVELOPMENT\WINDOW-DETECTIVE-3.5.1-SRC\SRC\UI\FORMS\UI_SYSTEMMETRICSPANE.H
C:\SAHIL\DEVELOPMENT\WINDOW-DETECTIVE-3.5.1-SRC\SRC\UI\FORMS\UI_SYSTEMCOLOURSPANE.H
C:\SAHIL\DEVELOPMENT\WINDOW-DETECTIVE-3.5.1-SRC\SRC\UI\FORMS\UI_SYSTEMPARAMETERSPANE.H
D:\SAHIL\DEV\WINDOWDETECTIVE\SRC\RELEASE\MOC\MOC_RESIZABLEDOCKCONTAINER.CPP
D:\SAHIL\DEV\WINDOWDETECTIVE\SRC\RELEASE\MOC\MOC_SIZEINPUTWIDGET.CPP
D:\SAHIL\DEV\WINDOWDETECTIVE\SRC\RELEASE\MOC\MOC_SYSTEMCOLOURSPANE.CPP
D:\SAHIL\DEV\WINDOWDETECTIVE\SRC\RELEASE\MOC\MOC_SYSTEMPARAMETERSPANE.CPP
D:\SAHIL\DEV\WINDOWDETECTIVE\SRC\RELEASE\MOC\MOC_SYSTEMMETRICSPANE.CPP
D:\SAHIL\DEV\WINDOWDETECTIVE\SRC\RELEASE\MOC\MOC_ABOUTDIALOG.CPP
D:\SAHIL\DEV\WINDOWDETECTIVE\SRC\RELEASE\MOC\MOC_FINDDIALOG.CPP
D:\SAHIL\DEV\WINDOWDETECTIVE\SRC\RELEASE\MOC\MOC_REMOTESERVER.CPP
D:\SAHIL\DEV\WINDOWDETECTIVE\SRC\RELEASE\MOC\MOC_SERVERTHREAD.CPP
D:\SAHIL\DEV\WINDOWDETECTIVE\SRC\RELEASE\MOC\MOC_REMOTECONNECTIONDIALOG.CPP
D:\SAHIL\DEV\WINDOWDETECTIVE\SRC\RELEASE\MOC\MOC_HIGHLIGHTPANE.CPP
D:\SAHIL\DEV\WINDOWDETECTIVE\SRC\RELEASE\MOC\MOC_INFOPANE.CPP
D:\SAHIL\DEV\WINDOWDETECTIVE\SRC\RELEASE\MOC\MOC_MAINWINDOW.CPP
D:\SAHIL\DEV\WINDOWDETECTIVE\SRC\RELEASE\MOC\MOC_MESSAGEFILTERDIALOG.CPP
D:\SAHIL\DEV\WINDOWDETECTIVE\SRC\RELEASE\MOC\MOC_MESSAGEFILTERING.CPP
D:\SAHIL\DEV\WINDOWDETECTIVE\SRC\RELEASE\MOC\MOC_MESSAGESPANE.CPP
D:\SAHIL\DEV\WINDOWDETECTIVE\SRC\RELEASE\MOC\MOC_PREFERENCESDIALOG.CPP
D:\SAHIL\DEV\WINDOWDETECTIVE\SRC\RELEASE\MOC\MOC_SEARCHRESULTSDIALOG.CPP
D:\SAHIL\DEV\WINDOWDETECTIVE\SRC\RELEASE\MOC\MOC_SETPROPERTIESDIALOG.CPP
D:\SAHIL\DEV\WINDOWDETECTIVE\SRC\RELEASE\MOC\MOC_SYSTEMINFODIALOG.CPP
D:\SAHIL\DEV\WINDOWDETECTIVE\SRC\RELEASE\MOC\MOC_BALLOONTIP.CPP
D:\SAHIL\DEV\WINDOWDETECTIVE\SRC\RELEASE\MOC\MOC_BRUSHPROPERTYWIDGET.CPP
D:\SAHIL\DEV\WINDOWDETECTIVE\SRC\RELEASE\MOC\MOC_COLOURBUTTON.CPP
D:\SAHIL\DEV\WINDOWDETECTIVE\SRC\RELEASE\MOC\MOC_FONTPROPERTYWIDGET.CPP
D:\SAHIL\DEV\WINDOWDETECTIVE\SRC\RELEASE\MOC\MOC_HEXSPINBOX.CPP
D:\SAHIL\DEV\WINDOWDETECTIVE\SRC\RELEASE\MOC\MOC_MESSAGEWIDGET.CPP
D:\SAHIL\DEV\WINDOWDETECTIVE\SRC\RELEASE\MOC\MOC_SEARCHCRITERIAWIDGET.CPP
D:\SAHIL\DEV\WINDOWDETECTIVE\SRC\RELEASE\MOC\MOC_SEARCHINPUTPANE.CPP
D:\SAHIL\DEV\WINDOWDETECTIVE\SRC\RELEASE\MOC\MOC_TREEITEM.CPP
D:\SAHIL\DEV\WINDOWDETECTIVE\SRC\RELEASE\MOC\MOC_WINDOWPICKER.CPP
D:\SAHIL\DEV\WINDOWDETECTIVE\SRC\RELEASE\MOC\MOC_WINDOWPROPWIDGET.CPP
D:\SAHIL\DEV\WINDOWDETECTIVE\SRC\RELEASE\MOC\MOC_WINDOWTREE.CPP
D:\SAHIL\DEV\WINDOWDETECTIVE\SRC\RELEASE\MOC\MOC_ABSTRACTPROPERTYPAGE.CPP
D:\SAHIL\DEV\WINDOWDETECTIVE\SRC\RELEASE\MOC\MOC_COMBOBOXPROPERTYPAGE.CPP
D:\SAHIL\DEV\WINDOWDETECTIVE\SRC\RELEASE\MOC\MOC_DATETIMEPICKERPROPERTYPAGE.CPP
D:\SAHIL\DEV\WINDOWDETECTIVE\SRC\RELEASE\MOC\MOC_EDITPROPERTYPAGE.CPP
D:\SAHIL\DEV\WINDOWDETECTIVE\SRC\RELEASE\MOC\MOC_GENERICPROPERTYPAGE.CPP
D:\SAHIL\DEV\WINDOWDETECTIVE\SRC\RELEASE\MOC\MOC_LISTBOXPROPERTYPAGE.CPP
D:\SAHIL\DEV\WINDOWDETECTIVE\SRC\RELEASE\MOC\MOC_LISTVIEWPROPERTYPAGE.CPP
D:\SAHIL\DEV\WINDOWDETECTIVE\SRC\RELEASE\MOC\MOC_PROGRESSBARPROPERTYPAGE.CPP
D:\SAHIL\DEV\WINDOWDETECTIVE\SRC\RELEASE\MOC\MOC_PROPERTIESPANE.CPP
D:\SAHIL\DEV\WINDOWDETECTIVE\SRC\RELEASE\MOC\MOC_SCROLLPROPERTYWIDGET.CPP
D:\SAHIL\DEV\WINDOWDETECTIVE\SRC\RELEASE\MOC\MOC_STATUSBARPROPERTYPAGE.CPP
D:\SAHIL\DEV\WINDOWDETECTIVE\SRC\RELEASE\MOC\MOC_TABPROPERTYPAGE.CPP
D:\SAHIL\DEV\WINDOWDETECTIVE\SRC\RELEASE\MOC\MOC_WINDOWCLASSPROPERTYPAGE.CPP
D:\SAHIL\DEV\WINDOWDETECTIVE\SRC\RELEASE\MOC\MOC_WINDOWMANAGER.CPP
D:\SAHIL\DEV\WINDOWDETECTIVE\SRC\RELEASE\MOC\MOC_WINDOW.CPP
D:\SAHIL\DEV\WINDOWDETECTIVE\SRC\UI\FORMS\UI_FINDDIALOG.H
D:\SAHIL\DEV\WINDOWDETECTIVE\SRC\UI\FORMS\UI_REMOTECONNECTIONDIALOG.H
D:\SAHIL\DEV\WINDOWDETECTIVE\SRC\UI\FORMS\UI_MAINWINDOW.H
D:\SAHIL\DEV\WINDOWDETECTIVE\SRC\UI\FORMS\UI_MESSAGEFILTERDIALOG.H
D:\SAHIL\DEV\WINDOWDETECTIVE\SRC\UI\FORMS\UI_MESSAGESPANE.H
D:\SAHIL\DEV\WINDOWDETECTIVE\SRC\UI\FORMS\UI_PREFERENCESDIALOG.H
D:\SAHIL\DEV\WINDOWDETECTIVE\SRC\UI\FORMS\UI_PROPERTIESPANE.H
D:\SAHIL\DEV\WINDOWDETECTIVE\SRC\UI\FORMS\UI_SEARCHRESULTSDIALOG.H
D:\SAHIL\DEV\WINDOWDETECTIVE\SRC\UI\FORMS\UI_SETPROPERTIESDIALOG.H
D:\SAHIL\DEV\WINDOWDETECTIVE\SRC\UI\FORMS\UI_SYSTEMINFODIALOG.H
D:\SAHIL\DEV\WINDOWDETECTIVE\SRC\RELEASE\RCC\QRC_QT_RESOURCES.CPP
D:\SAHIL\DEV\WINDOWDETECTIVE\SRC\UI\FORMS\UI_SYSTEMMETRICSPANE.H
D:\SAHIL\DEV\WINDOWDETECTIVE\SRC\UI\FORMS\UI_SYSTEMCOLOURSPANE.H
D:\SAHIL\DEV\WINDOWDETECTIVE\SRC\UI\FORMS\UI_SYSTEMPARAMETERSPANE.H
C:\SAHIL\DEVELOPMENT\WINDOW-DETECTIVE-3.5.1-SRC\SRC\X64\RELEASE\WINDOW DETECTIVE_X64_RELEASE.EXE
D:\SAHIL\DEV\WINDOWDETECTIVE\SRC\X64\RELEASE\WINDOW DETECTIVE_X64_RELEASE.EXE
C:\SAHIL\DEVELOPMENT\WINDOW-DETECTIVE-3.5.1-SRC\SRC\RELEASE\X64\WIN_RESOURCES.RES
D:\SAHIL\DEV\WINDOWDETECTIVE\SRC\RELEASE\X64\WIN_RESOURCES.RES
D:\sahil\dev\WindowDetective\src\Release\x64\AboutDialog.obj
D:\sahil\dev\WindowDetective\src\Release\x64\AbstractPropertyPage.obj
D:\sahil\dev\WindowDetective\src\Release\x64\ActionManager.obj
D:\sahil\dev\WindowDetective\src\Release\x64\BalloonTip.obj
D:\sahil\dev\WindowDetective\src\Release\x64\BrushPropertyWidget.obj
D:\sahil\dev\WindowDetective\src\Release\x64\Button.obj
D:\sahil\dev\WindowDetective\src\Release\x64\ColourButton.obj
D:\sahil\dev\WindowDetective\src\Release\x64\ComboBox.obj
D:\sahil\dev\WindowDetective\src\Release\x64\ComboBoxPropertyPage.obj
D:\sahil\dev\WindowDetective\src\Release\x64\DateTimePicker.obj
D:\sahil\dev\WindowDetective\src\Release\x64\DateTimePickerPropertyPage.obj
D:\sahil\dev\WindowDetective\src\Release\x64\DynamicData.obj
D:\sahil\dev\WindowDetective\src\Release\x64\Edit.obj
D:\sahil\dev\WindowDetective\src\Release\x64\EditPropertyPage.obj
D:\sahil\dev\WindowDetective\src\Release\x64\FindDialog.obj
D:\sahil\dev\WindowDetective\src\Release\x64\FontPropertyWidget.obj
D:\sahil\dev\WindowDetective\src\Release\x64\GenericPropertyPage.obj
D:\sahil\dev\WindowDetective\src\Release\x64\HexSpinBox.obj
D:\sahil\dev\WindowDetective\src\Release\x64\HighlightPane.obj
D:\sahil\dev\WindowDetective\src\Release\x64\InfoPane.obj
D:\sahil\dev\WindowDetective\src\Release\x64\IniFile.obj
D:\sahil\dev\WindowDetective\src\Release\x64\ListBox.obj
D:\sahil\dev\WindowDetective\src\Release\x64\ListBoxPropertyPage.obj
D:\sahil\dev\WindowDetective\src\Release\x64\ListView.obj
D:\sahil\dev\WindowDetective\src\Release\x64\ListViewPropertyPage.obj
D:\sahil\dev\WindowDetective\src\Release\x64\Logger.obj
D:\sahil\dev\WindowDetective\src\Release\x64\main.obj
D:\sahil\dev\WindowDetective\src\Release\x64\MainWindow.obj
D:\sahil\dev\WindowDetective\src\Release\x64\MessageFilterDialog.obj
D:\sahil\dev\WindowDetective\src\Release\x64\MessageFiltering.obj
D:\sahil\dev\WindowDetective\src\Release\x64\MessageHandler.obj
D:\sahil\dev\WindowDetective\src\Release\x64\MessagesPane.obj
D:\sahil\dev\WindowDetective\src\Release\x64\MessageWidget.obj
D:\sahil\dev\WindowDetective\src\Release\x64\moc_AboutDialog.obj
D:\sahil\dev\WindowDetective\src\Release\x64\moc_AbstractPropertyPage.obj
D:\sahil\dev\WindowDetective\src\Release\x64\moc_BalloonTip.obj
D:\sahil\dev\WindowDetective\src\Release\x64\moc_BrushPropertyWidget.obj
D:\sahil\dev\WindowDetective\src\Release\x64\moc_ColourButton.obj
D:\sahil\dev\WindowDetective\src\Release\x64\moc_ComboBoxPropertyPage.obj
D:\sahil\dev\WindowDetective\src\Release\x64\moc_DateTimePickerPropertyPage.obj
D:\sahil\dev\WindowDetective\src\Release\x64\moc_EditPropertyPage.obj
D:\sahil\dev\WindowDetective\src\Release\x64\moc_FindDialog.obj
D:\sahil\dev\WindowDetective\src\Release\x64\moc_FontPropertyWidget.obj
D:\sahil\dev\WindowDetective\src\Release\x64\moc_GenericPropertyPage.obj
D:\sahil\dev\WindowDetective\src\Release\x64\moc_HexSpinBox.obj
D:\sahil\dev\WindowDetective\src\Release\x64\moc_HighlightPane.obj
D:\sahil\dev\WindowDetective\src\Release\x64\moc_InfoPane.obj
D:\sahil\dev\WindowDetective\src\Release\x64\moc_ListBoxPropertyPage.obj
D:\sahil\dev\WindowDetective\src\Release\x64\moc_ListViewPropertyPage.obj
D:\sahil\dev\WindowDetective\src\Release\x64\moc_MainWindow.obj
D:\sahil\dev\WindowDetective\src\Release\x64\moc_MessageFilterDialog.obj
D:\sahil\dev\WindowDetective\src\Release\x64\moc_MessageFiltering.obj
D:\sahil\dev\WindowDetective\src\Release\x64\moc_MessagesPane.obj
D:\sahil\dev\WindowDetective\src\Release\x64\moc_MessageWidget.obj
D:\sahil\dev\WindowDetective\src\Release\x64\moc_PreferencesDialog.obj
D:\sahil\dev\WindowDetective\src\Release\x64\moc_ProgressBarPropertyPage.obj
D:\sahil\dev\WindowDetective\src\Release\x64\moc_PropertiesPane.obj
D:\sahil\dev\WindowDetective\src\Release\x64\moc_RemoteConnectionDialog.obj
D:\sahil\dev\WindowDetective\src\Release\x64\moc_RemoteServer.obj
D:\sahil\dev\WindowDetective\src\Release\x64\moc_ResizableDockContainer.obj
D:\sahil\dev\WindowDetective\src\Release\x64\moc_ScrollPropertyWidget.obj
D:\sahil\dev\WindowDetective\src\Release\x64\moc_SearchCriteriaWidget.obj
D:\sahil\dev\WindowDetective\src\Release\x64\moc_SearchInputPane.obj
D:\sahil\dev\WindowDetective\src\Release\x64\moc_SearchResultsDialog.obj
D:\sahil\dev\WindowDetective\src\Release\x64\moc_ServerThread.obj
D:\sahil\dev\WindowDetective\src\Release\x64\moc_SetPropertiesDialog.obj
D:\sahil\dev\WindowDetective\src\Release\x64\moc_SizeInputWidget.obj
D:\sahil\dev\WindowDetective\src\Release\x64\moc_StatusBarPropertyPage.obj
D:\sahil\dev\WindowDetective\src\Release\x64\moc_SystemColoursPane.obj
D:\sahil\dev\WindowDetective\src\Release\x64\moc_SystemInfoDialog.obj
D:\sahil\dev\WindowDetective\src\Release\x64\moc_SystemMetricsPane.obj
D:\sahil\dev\WindowDetective\src\Release\x64\moc_SystemParametersPane.obj
D:\sahil\dev\WindowDetective\src\Release\x64\moc_TabPropertyPage.obj
D:\sahil\dev\WindowDetective\src\Release\x64\moc_TreeItem.obj
D:\sahil\dev\WindowDetective\src\Release\x64\moc_Window.obj
D:\sahil\dev\WindowDetective\src\Release\x64\moc_WindowClassPropertyPage.obj
D:\sahil\dev\WindowDetective\src\Release\x64\moc_WindowManager.obj
D:\sahil\dev\WindowDetective\src\Release\x64\moc_WindowPicker.obj
D:\sahil\dev\WindowDetective\src\Release\x64\moc_WindowPropWidget.obj
D:\sahil\dev\WindowDetective\src\Release\x64\moc_WindowTree.obj
D:\sahil\dev\WindowDetective\src\Release\x64\PreferencesDialog.obj
D:\sahil\dev\WindowDetective\src\Release\x64\Process.obj
D:\sahil\dev\WindowDetective\src\Release\x64\ProgressBar.obj
D:\sahil\dev\WindowDetective\src\Release\x64\ProgressBarPropertyPage.obj
D:\sahil\dev\WindowDetective\src\Release\x64\PropertiesPane.obj
D:\sahil\dev\WindowDetective\src\Release\x64\qrc_qt_resources.obj
D:\sahil\dev\WindowDetective\src\Release\x64\QtHelpers.obj
D:\sahil\dev\WindowDetective\src\Release\x64\RemoteConnectionDialog.obj
D:\sahil\dev\WindowDetective\src\Release\x64\RemoteFunctions.obj
D:\sahil\dev\WindowDetective\src\Release\x64\RemoteServer.obj
D:\sahil\dev\WindowDetective\src\Release\x64\Resources.obj
D:\sahil\dev\WindowDetective\src\Release\x64\ScrollPropertyWidget.obj
D:\sahil\dev\WindowDetective\src\Release\x64\SearchCriteria.obj
D:\sahil\dev\WindowDetective\src\Release\x64\SearchCriteriaWidget.obj
D:\sahil\dev\WindowDetective\src\Release\x64\SearchInputPane.obj
D:\sahil\dev\WindowDetective\src\Release\x64\SearchResultsDialog.obj
D:\sahil\dev\WindowDetective\src\Release\x64\ServerThread.obj
D:\sahil\dev\WindowDetective\src\Release\x64\SetPropertiesDialog.obj
D:\sahil\dev\WindowDetective\src\Release\x64\Settings.obj
D:\sahil\dev\WindowDetective\src\Release\x64\SizeInputWidget.obj
D:\sahil\dev\WindowDetective\src\Release\x64\StatusBar.obj
D:\sahil\dev\WindowDetective\src\Release\x64\StatusBarPropertyPage.obj
D:\sahil\dev\WindowDetective\src\Release\x64\StringFormatter.obj
D:\sahil\dev\WindowDetective\src\Release\x64\SystemColoursPane.obj
D:\sahil\dev\WindowDetective\src\Release\x64\SystemInfoDialog.obj
D:\sahil\dev\WindowDetective\src\Release\x64\SystemMetricsPane.obj
D:\sahil\dev\WindowDetective\src\Release\x64\SystemParametersPane.obj
D:\sahil\dev\WindowDetective\src\Release\x64\Tab.obj
D:\sahil\dev\WindowDetective\src\Release\x64\TabPropertyPage.obj
D:\sahil\dev\WindowDetective\src\Release\x64\TreeItem.obj
D:\sahil\dev\WindowDetective\src\Release\x64\Window.obj
D:\sahil\dev\WindowDetective\src\Release\x64\WindowClassPropertyPage.obj
D:\sahil\dev\WindowDetective\src\Release\x64\WindowManager.obj
D:\sahil\dev\WindowDetective\src\Release\x64\WindowMessage.obj
D:\sahil\dev\WindowDetective\src\Release\x64\WindowMisc.obj
D:\sahil\dev\WindowDetective\src\Release\x64\WindowPicker.obj
D:\sahil\dev\WindowDetective\src\Release\x64\WindowPropWidget.obj
D:\sahil\dev\WindowDetective\src\Release\x64\WindowTree.obj
D:\sahil\dev\WindowDetective\src\Release\x64\cl.command.1.tlog
D:\sahil\dev\WindowDetective\src\Release\x64\CL.read.1.tlog
D:\sahil\dev\WindowDetective\src\Release\x64\CL.write.1.tlog
D:\sahil\dev\WindowDetective\src\Release\x64\custombuild.command.1.tlog
D:\sahil\dev\WindowDetective\src\Release\x64\custombuild.read.1.tlog
D:\sahil\dev\WindowDetective\src\Release\x64\custombuild.write.1.tlog
D:\sahil\dev\WindowDetective\src\Release\x64\link-cvtres.read.1.tlog
D:\sahil\dev\WindowDetective\src\Release\x64\link-cvtres.write.1.tlog
D:\sahil\dev\WindowDetective\src\Release\x64\link-rc.read.1.tlog
D:\sahil\dev\WindowDetective\src\Release\x64\link-rc.write.1.tlog
D:\sahil\dev\WindowDetective\src\Release\x64\link.command.1.tlog
D:\sahil\dev\WindowDetective\src\Release\x64\link.read.1.tlog
D:\sahil\dev\WindowDetective\src\Release\x64\link.write.1.tlog
D:\sahil\dev\WindowDetective\src\Release\x64\rc.command.1.tlog
D:\sahil\dev\WindowDetective\src\Release\x64\rc.read.1.tlog
D:\sahil\dev\WindowDetective\src\Release\x64\rc.write.1.tlog
D:\sahil\dev\WindowDetective\src\Release\x64\win_resources.res
D:\sahil\dev\WindowDetective\src\\x64\Release\Window Detective_x64_Release.exe
