D:\SAHIL\DEV\WINDOWDETECTIVE\SRC\HOOK\RELEASE\X64\WD_HOOK_X64_RELEASE.PCH
D:\SAHIL\DEV\WINDOWDETECTIVE\SRC\HOOK\RELEASE\X64\STDAFX.OBJ
D:\SAHIL\DEV\WINDOWDETECTIVE\SRC\HOOK\RELEASE\X64\VC110.PDB
D:\SAHIL\DEV\WINDOWDETECTIVE\SRC\HOOK\RELEASE\X64\HOOK.OBJ
D:\SAHIL\DEV\WINDOWDETECTIVE\SRC\HOOK\RELEASE\X64\REMOTEINFO.OBJ
D:\SAHIL\DEV\WINDOWDETECTIVE\SRC\X64\RELEASE\WD_HOOK_X64_RELEASE.DLL
D:\SAHIL\DEV\WINDOWDETECTIVE\SRC\HOOK\RELEASE\X64\VERSION_INFO.RES
D:\sahil\dev\WindowDetective\src\x64\Release\WD_Hook_x64_Release.lib
D:\sahil\dev\WindowDetective\src\x64\Release\WD_Hook_x64_Release.exp
D:\sahil\dev\WindowDetective\src\hook\Release\x64\Hook.obj
D:\sahil\dev\WindowDetective\src\hook\Release\x64\RemoteInfo.obj
D:\sahil\dev\WindowDetective\src\hook\Release\x64\stdafx.obj
D:\sahil\dev\WindowDetective\src\hook\Release\x64\cl.command.1.tlog
D:\sahil\dev\WindowDetective\src\hook\Release\x64\CL.read.1.tlog
D:\sahil\dev\WindowDetective\src\hook\Release\x64\CL.write.1.tlog
D:\sahil\dev\WindowDetective\src\hook\Release\x64\link-cvtres.read.1.tlog
D:\sahil\dev\WindowDetective\src\hook\Release\x64\link-cvtres.write.1.tlog
D:\sahil\dev\WindowDetective\src\hook\Release\x64\link-rc.read.1.tlog
D:\sahil\dev\WindowDetective\src\hook\Release\x64\link-rc.write.1.tlog
D:\sahil\dev\WindowDetective\src\hook\Release\x64\link.command.1.tlog
D:\sahil\dev\WindowDetective\src\hook\Release\x64\link.read.1.tlog
D:\sahil\dev\WindowDetective\src\hook\Release\x64\link.write.1.tlog
D:\sahil\dev\WindowDetective\src\hook\Release\x64\rc.command.1.tlog
D:\sahil\dev\WindowDetective\src\hook\Release\x64\rc.read.1.tlog
D:\sahil\dev\WindowDetective\src\hook\Release\x64\rc.write.1.tlog
D:\sahil\dev\WindowDetective\src\hook\Release\x64\WD_Hook.write.1.tlog
D:\sahil\dev\WindowDetective\src\hook\Release\x64\version_info.res
D:\sahil\dev\WindowDetective\src\hook\Release\x64\WD_Hook_x64_Release.pch
D:\sahil\dev\WindowDetective\src\hook\Release\x64\vc110.pdb
D:\sahil\dev\WindowDetective\src\\x64\Release\WD_Hook_x64_Release.dll
