D:\SAHIL\DEV\WINDOWDETECTIVE\SRC\HOOK\DEBUG\X64\WD_HOOK_X64_DEBUG.PCH
D:\SAHIL\DEV\WINDOWDETECTIVE\SRC\HOOK\DEBUG\X64\STDAFX.OBJ
D:\SAHIL\DEV\WINDOWDETECTIVE\SRC\HOOK\DEBUG\X64\VC110.PDB
D:\SAHIL\DEV\WINDOWDETECTIVE\SRC\HOOK\DEBUG\X64\HOOK.OBJ
D:\SAHIL\DEV\WINDOWDETECTIVE\SRC\HOOK\DEBUG\X64\REMOTEINFO.OBJ
D:\SAHIL\DEV\WINDOWDETECTIVE\SRC\X64\DEBUG\WD_HOOK_X64_DEBUG.ILK
D:\SAHIL\DEV\WINDOWDETECTIVE\SRC\X64\DEBUG\WD_HOOK_X64_DEBUG.DLL
D:\SAHIL\DEV\WINDOWDETECTIVE\SRC\HOOK\DEBUG\WD_HOOK_X64_DEBUG.PDB
D:\SAHIL\DEV\WINDOWDETECTIVE\SRC\HOOK\DEBUG\X64\VERSION_INFO.RES
D:\sahil\dev\WindowDetective\src\x64\Debug\WD_Hook_x64_Debug.lib
D:\sahil\dev\WindowDetective\src\x64\Debug\WD_Hook_x64_Debug.exp
D:\sahil\dev\WindowDetective\src\hook\Debug\x64\Hook.obj
D:\sahil\dev\WindowDetective\src\hook\Debug\x64\RemoteInfo.obj
D:\sahil\dev\WindowDetective\src\hook\Debug\x64\stdafx.obj
D:\sahil\dev\WindowDetective\src\hook\Debug\x64\cl.command.1.tlog
D:\sahil\dev\WindowDetective\src\hook\Debug\x64\CL.read.1.tlog
D:\sahil\dev\WindowDetective\src\hook\Debug\x64\CL.write.1.tlog
D:\sahil\dev\WindowDetective\src\hook\Debug\x64\link-cvtres.read.1.tlog
D:\sahil\dev\WindowDetective\src\hook\Debug\x64\link-cvtres.write.1.tlog
D:\sahil\dev\WindowDetective\src\hook\Debug\x64\link-rc.read.1.tlog
D:\sahil\dev\WindowDetective\src\hook\Debug\x64\link-rc.write.1.tlog
D:\sahil\dev\WindowDetective\src\hook\Debug\x64\link.command.1.tlog
D:\sahil\dev\WindowDetective\src\hook\Debug\x64\link.read.1.tlog
D:\sahil\dev\WindowDetective\src\hook\Debug\x64\link.write.1.tlog
D:\sahil\dev\WindowDetective\src\hook\Debug\x64\rc.command.1.tlog
D:\sahil\dev\WindowDetective\src\hook\Debug\x64\rc.read.1.tlog
D:\sahil\dev\WindowDetective\src\hook\Debug\x64\rc.write.1.tlog
D:\sahil\dev\WindowDetective\src\hook\Debug\x64\WD_Hook.write.1.tlog
D:\sahil\dev\WindowDetective\src\hook\Debug\x64\version_info.res
D:\sahil\dev\WindowDetective\src\hook\Debug\x64\WD_Hook_x64_Debug.pch
D:\sahil\dev\WindowDetective\src\hook\Debug\x64\vc110.pdb
D:\sahil\dev\WindowDetective\src\\x64\Debug\WD_Hook_x64_Debug.dll
D:\sahil\dev\WindowDetective\src\\x64\Debug\WD_Hook_x64_Debug.ilk
