C:\Program Files (x86)\MSBuild\Microsoft.Cpp\v4.0\V110\Microsoft.CppBuild.targets(345,5): warning MSB8004: Intermediate Directory does not end with a trailing slash.  This build instance will add the slash as it is required to allow proper evaluation of the Intermediate Directory.
C:\Program Files (x86)\MSBuild\Microsoft.Cpp\v4.0\V110\Microsoft.CppBuild.targets(346,5): warning MSB8004: Output Directory does not end with a trailing slash.  This build instance will add the slash as it is required to allow proper evaluation of the Output Directory.
  moc_AboutDialog.cpp
  moc_AbstractPropertyPage.cpp
  moc_BalloonTip.cpp
  moc_BrushPropertyWidget.cpp
  moc_ColourButton.cpp
  moc_ComboBoxPropertyPage.cpp
  moc_DateTimePickerPropertyPage.cpp
  moc_EditPropertyPage.cpp
  moc_FindDialog.cpp
  moc_FontPropertyWidget.cpp
  moc_GenericPropertyPage.cpp
  moc_HexSpinBox.cpp
  moc_HighlightPane.cpp
  moc_InfoPane.cpp
  moc_ListBoxPropertyPage.cpp
  moc_ListViewPropertyPage.cpp
  moc_MainWindow.cpp
  moc_MessageFilterDialog.cpp
  moc_MessageFiltering.cpp
  moc_MessageWidget.cpp
  Generating Code...
  Compiling...
  moc_MessagesPane.cpp
  moc_PreferencesDialog.cpp
  moc_ProgressBarPropertyPage.cpp
  moc_PropertiesPane.cpp
  moc_RemoteConnectionDialog.cpp
  moc_RemoteServer.cpp
  moc_ResizableDockContainer.cpp
  moc_ScrollPropertyWidget.cpp
  moc_SearchCriteriaWidget.cpp
  moc_SearchInputPane.cpp
  moc_SearchResultsDialog.cpp
  moc_ServerThread.cpp
  moc_SetPropertiesDialog.cpp
  moc_SizeInputWidget.cpp
  moc_StatusBarPropertyPage.cpp
  moc_SystemColoursPane.cpp
  moc_SystemInfoDialog.cpp
  moc_SystemMetricsPane.cpp
  moc_SystemParametersPane.cpp
  moc_TabPropertyPage.cpp
  Generating Code...
  Compiling...
  moc_TreeItem.cpp
  moc_Window.cpp
  moc_WindowClassPropertyPage.cpp
  moc_WindowManager.cpp
  moc_WindowPicker.cpp
  moc_WindowPropWidget.cpp
  moc_WindowTree.cpp
  qrc_qt_resources.cpp
  FindDialog.cpp
  MainWindow.cpp
  MessageFilterDialog.cpp
  MessagesPane.cpp
  PreferencesDialog.cpp
  RemoteConnectionDialog.cpp
ui\RemoteConnectionDialog.cpp(5): warning C4100: 'mainWindow' : unreferenced formal parameter
  SearchResultsDialog.cpp
  SetPropertiesDialog.cpp
  SystemColoursPane.cpp
  SystemInfoDialog.cpp
  SystemMetricsPane.cpp
  SystemParametersPane.cpp
  Generating Code...
  Compiling...
  SearchCriteriaWidget.cpp
  WindowTree.cpp
  ComboBoxPropertyPage.cpp
  DateTimePickerPropertyPage.cpp
  EditPropertyPage.cpp
  GenericPropertyPage.cpp
  ListBoxPropertyPage.cpp
  ListViewPropertyPage.cpp
  ProgressBarPropertyPage.cpp
  PropertiesPane.cpp
  StatusBarPropertyPage.cpp
  TabPropertyPage.cpp
  WindowClassPropertyPage.cpp
  main.cpp
  Generating Code...
  Window Detective.vcxproj -> D:\sahil\dev\WindowDetective\src\\Win32\Release\Window Detective_Win32_Release.exe
